mode: set
github.com/JuanEs-az/goutils/callback.go:5.16,7.21 2 0
github.com/JuanEs-az/goutils/callback.go:7.21,9.3 1 0
github.com/JuanEs-az/goutils/callback.go:10.2,10.19 1 0
github.com/JuanEs-az/goutils/class.go:8.33,10.2 1 0
github.com/JuanEs-az/goutils/class.go:11.40,13.2 1 0
github.com/JuanEs-az/goutils/class.go:14.47,19.2 1 0
github.com/JuanEs-az/goutils/class.go:20.13,33.2 8 0
github.com/JuanEs-az/goutils/factory.go:20.42,22.2 1 0
github.com/JuanEs-az/goutils/factory.go:23.46,25.2 1 0
github.com/JuanEs-az/goutils/factory.go:29.53,31.2 1 0
github.com/JuanEs-az/goutils/factory.go:32.54,34.2 1 0
github.com/JuanEs-az/goutils/factory.go:41.44,43.2 1 0
github.com/JuanEs-az/goutils/factory.go:44.48,46.2 1 0
github.com/JuanEs-az/goutils/factory.go:50.55,52.2 1 0
github.com/JuanEs-az/goutils/factory.go:53.56,55.2 1 0
github.com/JuanEs-az/goutils/factory.go:58.79,59.26 1 0
github.com/JuanEs-az/goutils/factory.go:59.26,61.3 1 0
github.com/JuanEs-az/goutils/factory.go:62.2,62.28 1 0
github.com/JuanEs-az/goutils/factory.go:62.28,64.3 1 0
github.com/JuanEs-az/goutils/factory.go:65.2,65.67 1 0
github.com/JuanEs-az/goutils/factory.go:67.46,69.2 1 0
github.com/JuanEs-az/goutils/factory.go:70.39,72.2 1 0
github.com/JuanEs-az/goutils/factory.go:73.15,76.32 3 0
github.com/JuanEs-az/goutils/factory.go:76.32,78.3 1 0
github.com/JuanEs-az/goutils/factory.go:78.7,85.3 6 0
github.com/JuanEs-az/goutils/functionsplusplus.go:5.26,6.19 1 1
github.com/JuanEs-az/goutils/functionsplusplus.go:6.19,8.3 1 1
github.com/JuanEs-az/goutils/functionsplusplus.go:8.7,8.25 1 1
github.com/JuanEs-az/goutils/functionsplusplus.go:8.25,10.3 1 0
github.com/JuanEs-az/goutils/functionsplusplus.go:11.2,11.35 1 1
github.com/JuanEs-az/goutils/functionsplusplus.go:14.28,15.19 1 1
github.com/JuanEs-az/goutils/functionsplusplus.go:15.19,17.3 1 0
github.com/JuanEs-az/goutils/functionsplusplus.go:18.2,19.24 2 1
github.com/JuanEs-az/goutils/functionsplusplus.go:19.24,20.13 1 1
github.com/JuanEs-az/goutils/functionsplusplus.go:20.13,22.4 1 1
github.com/JuanEs-az/goutils/functionsplusplus.go:24.2,24.12 1 1
github.com/JuanEs-az/goutils/functionsplusplus.go:26.49,31.2 4 0
github.com/JuanEs-az/goutils/functionsplusplus.go:32.25,35.2 2 0
github.com/JuanEs-az/goutils/inheritance.go:12.19,15.2 2 0
github.com/JuanEs-az/goutils/interface.go:8.29,10.2 1 0
github.com/JuanEs-az/goutils/interface.go:16.46,18.2 1 0
github.com/JuanEs-az/goutils/interface.go:19.82,27.2 6 0
github.com/JuanEs-az/goutils/interface.go:33.46,35.2 1 0
github.com/JuanEs-az/goutils/interface.go:36.73,43.2 6 0
github.com/JuanEs-az/goutils/interface.go:44.17,49.2 4 0
github.com/JuanEs-az/goutils/mod.go:9.11,11.2 1 0
github.com/JuanEs-az/goutils/review.go:8.27,12.2 3 0
github.com/JuanEs-az/goutils/review.go:13.14,18.15 5 0
github.com/JuanEs-az/goutils/review.go:18.15,20.3 1 0
github.com/JuanEs-az/goutils/review.go:20.7,22.3 1 0
github.com/JuanEs-az/goutils/review.go:24.2,34.40 11 0
github.com/JuanEs-az/goutils/review.go:34.40,36.3 1 0
github.com/JuanEs-az/goutils/review.go:37.2,45.22 7 0
